\BOOKMARK [0][-]{chapter*.2}{\376\377\000C\000o\000n\000t\000e\000n\000t\000s}{}% 1
\BOOKMARK [0][-]{chapter.1}{\376\377\000I\000n\000t\000r\000o\000d\000u\000c\000t\000i\000o\000n}{}% 2
\BOOKMARK [0][-]{chapter.2}{\376\377\000A\000n\000a\000l\000y\000s\000i\000s}{}% 3
\BOOKMARK [1][-]{section.2.1}{\376\377\000A\000c\000t\000o\000r\000s}{chapter.2}% 4
\BOOKMARK [1][-]{section.2.2}{\376\377\000F\000u\000n\000c\000t\000i\000o\000n\000a\000l\000\040\000R\000e\000q\000u\000i\000r\000e\000m\000e\000n\000t\000s}{chapter.2}% 5
\BOOKMARK [1][-]{section.2.3}{\376\377\000N\000o\000n\000\040\000F\000u\000n\000c\000t\000i\000o\000n\000a\000l\000\040\000R\000e\000q\000u\000i\000r\000e\000m\000e\000n\000t\000s}{chapter.2}% 6
\BOOKMARK [1][-]{section.2.4}{\376\377\000U\000M\000L\000\040\000c\000l\000a\000s\000s\000\040\000d\000i\000a\000g\000r\000a\000m}{chapter.2}% 7
\BOOKMARK [1][-]{section.2.5}{\376\377\000U\000M\000L\000\040\000u\000s\000e\000\040\000c\000a\000s\000e\000\040\000d\000i\000a\000g\000r\000a\000m}{chapter.2}% 8
\BOOKMARK [1][-]{section.2.6}{\376\377\000S\000c\000e\000n\000a\000r\000i\000o\000s}{chapter.2}% 9
\BOOKMARK [1][-]{section.2.7}{\376\377\000D\000a\000t\000a\000\040\000M\000o\000d\000e\000l\000i\000n\000g}{chapter.2}% 10
\BOOKMARK [0][-]{chapter.3}{\376\377\000D\000e\000s\000i\000g\000n}{}% 11
\BOOKMARK [1][-]{section.3.1}{\376\377\000D\000o\000c\000u\000m\000e\000n\000t\000\040\000D\000a\000t\000a\000b\000a\000s\000e}{chapter.3}% 12
\BOOKMARK [1][-]{section.3.2}{\376\377\000G\000r\000a\000p\000h\000\040\000D\000a\000t\000a\000b\000a\000s\000e}{chapter.3}% 13
\BOOKMARK [1][-]{section.3.3}{\376\377\000A\000v\000a\000i\000l\000a\000b\000i\000l\000i\000t\000y\000\040\000a\000n\000d\000\040\000P\000a\000r\000t\000i\000t\000i\000o\000n\000\040\000T\000o\000l\000e\000r\000a\000n\000c\000e\000\040\000\050\000A\000P\000\051}{chapter.3}% 14
\BOOKMARK [1][-]{section.3.4}{\376\377\000R\000e\000p\000l\000i\000c\000a\000s}{chapter.3}% 15
\BOOKMARK [1][-]{section.3.5}{\376\377\000S\000h\000a\000r\000d\000i\000n\000g}{chapter.3}% 16
\BOOKMARK [0][-]{chapter.4}{\376\377\000I\000m\000p\000l\000e\000m\000e\000n\000t\000a\000t\000i\000o\000n}{}% 17
\BOOKMARK [1][-]{section.4.1}{\376\377\000D\000e\000v\000e\000l\000o\000p\000m\000e\000n\000t\000\040\000E\000n\000v\000i\000r\000o\000n\000m\000e\000n\000t}{chapter.4}% 18
\BOOKMARK [1][-]{section.4.2}{\376\377\000M\000a\000i\000n\000\040\000M\000o\000d\000u\000l\000e\000s}{chapter.4}% 19
\BOOKMARK [1][-]{section.4.3}{\376\377\000I\000m\000p\000l\000e\000m\000e\000n\000t\000e\000d\000\040\000S\000t\000r\000a\000t\000e\000g\000i\000e\000s\000\040\000a\000n\000d\000\040\000P\000r\000a\000c\000t\000i\000c\000e\000s}{chapter.4}% 20
\BOOKMARK [1][-]{section.4.4}{\376\377\000D\000e\000s\000c\000r\000i\000p\000t\000i\000o\000n\000\040\000o\000f\000\040\000M\000a\000i\000n\000\040\000C\000l\000a\000s\000s\000e\000s}{chapter.4}% 21
\BOOKMARK [1][-]{section.4.5}{\376\377\000M\000o\000n\000g\000o\000D\000B\000\040\000q\000u\000e\000r\000i\000e\000s}{chapter.4}% 22
\BOOKMARK [1][-]{section.4.6}{\376\377\000G\000r\000a\000p\000h\000D\000B\000\040\000q\000u\000e\000r\000i\000e\000s}{chapter.4}% 23
\BOOKMARK [0][-]{chapter.5}{\376\377\000T\000e\000s\000t\000i\000n\000g}{}% 24
\BOOKMARK [1][-]{section.5.1}{\376\377\000S\000t\000r\000u\000c\000t\000u\000r\000a\000l\000\040\000T\000e\000s\000t\000i\000n\000g}{chapter.5}% 25
\BOOKMARK [1][-]{section.5.2}{\376\377\000F\000u\000n\000c\000t\000i\000o\000n\000a\000l\000\040\000T\000e\000s\000t\000i\000n\000g}{chapter.5}% 26
\BOOKMARK [1][-]{section.5.3}{\376\377\000P\000e\000r\000f\000o\000r\000m\000a\000n\000c\000e\000\040\000T\000e\000s\000t\000i\000n\000g}{chapter.5}% 27
\BOOKMARK [0][-]{chapter.6}{\376\377\000C\000o\000n\000c\000l\000u\000s\000i\000o\000n}{}% 28
\BOOKMARK [1][-]{section.6.1}{\376\377\000F\000u\000t\000u\000r\000e\000\040\000W\000o\000r\000k}{chapter.6}% 29
\BOOKMARK [1][-]{section.6.2}{\376\377\000C\000o\000n\000c\000l\000u\000s\000i\000o\000n}{chapter.6}% 30
